  Rocket.cpp
e:\users\anton\desktop\asfdba\projectile\constant.h(16): warning C4838: conversion from 'double' to 'const float' requires a narrowing conversion
e:\users\anton\desktop\asfdba\projectile\constant.h(16): warning C4305: 'initializing': truncation from 'double' to 'const float'
e:\users\anton\desktop\asfdba\projectile\constant.h(41): warning C4244: '=': conversion from 'double' to 'float', possible loss of data
e:\users\anton\desktop\asfdba\projectile\rocket.cpp(6): warning C4244: 'argument': conversion from 'double' to 'float', possible loss of data
e:\users\anton\desktop\asfdba\projectile\rocket.cpp(26): warning C4244: 'initializing': conversion from 'double' to 'float', possible loss of data
  main.cpp
e:\users\anton\desktop\asfdba\projectile\constant.h(16): warning C4838: conversion from 'double' to 'const float' requires a narrowing conversion
e:\users\anton\desktop\asfdba\projectile\constant.h(16): warning C4305: 'initializing': truncation from 'double' to 'const float'
e:\users\anton\desktop\asfdba\projectile\constant.h(41): warning C4244: '=': conversion from 'double' to 'float', possible loss of data
e:\users\anton\desktop\asfdba\projectile\main.cpp(34): warning C4244: 'argument': conversion from 'unsigned int' to 'float', possible loss of data
e:\users\anton\desktop\asfdba\projectile\main.cpp(41): warning C4244: 'argument': conversion from 'double' to 'float', possible loss of data
e:\users\anton\desktop\asfdba\projectile\main.cpp(45): warning C4244: 'argument': conversion from 'double' to 'float', possible loss of data
e:\users\anton\desktop\asfdba\projectile\main.cpp(50): warning C4244: 'argument': conversion from 'unsigned int' to 'float', possible loss of data
e:\users\anton\desktop\asfdba\projectile\main.cpp(52): warning C4244: 'argument': conversion from 'unsigned int' to 'float', possible loss of data
e:\users\anton\desktop\asfdba\projectile\main.cpp(57): warning C4244: 'initializing': conversion from 'double' to 'float', possible loss of data
e:\users\anton\desktop\asfdba\projectile\main.cpp(81): warning C4244: 'argument': conversion from 'double' to 'float', possible loss of data
e:\users\anton\desktop\asfdba\projectile\main.cpp(85): warning C4244: 'argument': conversion from 'double' to 'float', possible loss of data
e:\users\anton\desktop\asfdba\projectile\main.cpp(137): warning C4244: 'argument': conversion from 'unsigned int' to 'float', possible loss of data
e:\users\anton\desktop\asfdba\projectile\main.cpp(138): warning C4244: 'argument': conversion from 'double' to 'float', possible loss of data
e:\users\anton\desktop\asfdba\projectile\main.cpp(141): warning C4244: 'argument': conversion from 'double' to 'float', possible loss of data
e:\users\anton\desktop\asfdba\projectile\main.cpp(148): warning C4244: '=': conversion from 'double' to 'float', possible loss of data
e:\users\anton\desktop\asfdba\projectile\main.cpp(149): warning C4244: '=': conversion from 'double' to 'float', possible loss of data
e:\users\anton\desktop\asfdba\projectile\main.cpp(151): warning C4244: 'argument': conversion from 'float' to 'sf::Uint8', possible loss of data
  Generating Code...
  Projectile.vcxproj -> E:\Users\Anton\Desktop\asfdba\Debug\Projectile.exe
